{"dist\\typeof.js":{"path":"dist\\typeof.js","s":{"1":1,"2":1,"3":0,"4":1,"5":0,"6":1,"7":1,"8":0,"9":0,"10":0,"11":0,"12":0,"13":0,"14":0,"15":0,"16":1,"17":1,"18":40,"19":17,"20":16,"21":1,"22":15,"23":1,"24":23},"b":{"1":[0,1],"2":[1,0],"3":[0,1],"4":[1,0],"5":[0,1],"6":[0,0],"7":[0,0],"8":[0,0],"9":[17,23],"10":[16,1],"11":[1,15]},"f":{"1":1,"2":1,"3":0,"4":0,"5":0,"6":40},"fnMap":{"1":{"name":"(anonymous_1)","line":17,"loc":{"start":{"line":17,"column":1},"end":{"line":17,"column":25}}},"2":{"name":"(anonymous_2)","line":33,"loc":{"start":{"line":33,"column":8},"end":{"line":33,"column":19}}},"3":{"name":"(anonymous_3)","line":41,"loc":{"start":{"line":41,"column":34},"end":{"line":41,"column":51}},"skip":true},"4":{"name":"(anonymous_4)","line":50,"loc":{"start":{"line":50,"column":23},"end":{"line":50,"column":35}},"skip":true},"5":{"name":"(anonymous_5)","line":51,"loc":{"start":{"line":51,"column":25},"end":{"line":51,"column":37}},"skip":true},"6":{"name":"(anonymous_6)","line":148,"loc":{"start":{"line":148,"column":11},"end":{"line":148,"column":28}}}},"statementMap":{"1":{"start":{"line":17,"column":0},"end":{"line":160,"column":4}},"2":{"start":{"line":21,"column":4},"end":{"line":32,"column":5},"skip":true},"3":{"start":{"line":22,"column":8},"end":{"line":22,"column":35},"skip":true},"4":{"start":{"line":26,"column":11},"end":{"line":32,"column":5},"skip":true},"5":{"start":{"line":27,"column":8},"end":{"line":27,"column":24},"skip":true},"6":{"start":{"line":31,"column":8},"end":{"line":31,"column":32},"skip":true},"7":{"start":{"line":40,"column":4},"end":{"line":60,"column":5},"skip":true},"8":{"start":{"line":41,"column":8},"end":{"line":59,"column":10},"skip":true},"9":{"start":{"line":42,"column":12},"end":{"line":46,"column":13},"skip":true},"10":{"start":{"line":45,"column":16},"end":{"line":45,"column":108},"skip":true},"11":{"start":{"line":48,"column":12},"end":{"line":54,"column":18},"skip":true},"12":{"start":{"line":52,"column":20},"end":{"line":53,"column":77},"skip":true},"13":{"start":{"line":56,"column":12},"end":{"line":56,"column":44},"skip":true},"14":{"start":{"line":57,"column":12},"end":{"line":57,"column":42},"skip":true},"15":{"start":{"line":58,"column":12},"end":{"line":58,"column":26},"skip":true},"16":{"start":{"line":63,"column":4},"end":{"line":65,"column":68}},"17":{"start":{"line":148,"column":4},"end":{"line":159,"column":6}},"18":{"start":{"line":149,"column":8},"end":{"line":157,"column":9}},"19":{"start":{"line":150,"column":12},"end":{"line":155,"column":13}},"20":{"start":{"line":151,"column":16},"end":{"line":153,"column":17}},"21":{"start":{"line":152,"column":20},"end":{"line":152,"column":35}},"22":{"start":{"line":154,"column":16},"end":{"line":154,"column":32}},"23":{"start":{"line":156,"column":12},"end":{"line":156,"column":26}},"24":{"start":{"line":158,"column":8},"end":{"line":158,"column":29}}},"branchMap":{"1":{"line":21,"type":"if","locations":[{"start":{"line":21,"column":4},"end":{"line":21,"column":4},"skip":true},{"start":{"line":21,"column":4},"end":{"line":21,"column":4},"skip":true}]},"2":{"line":21,"type":"binary-expr","locations":[{"start":{"line":21,"column":7},"end":{"line":21,"column":33},"skip":true},{"start":{"line":21,"column":37},"end":{"line":21,"column":51},"skip":true}]},"3":{"line":26,"type":"if","locations":[{"start":{"line":26,"column":11},"end":{"line":26,"column":11},"skip":true},{"start":{"line":26,"column":11},"end":{"line":26,"column":11},"skip":true}]},"4":{"line":26,"type":"binary-expr","locations":[{"start":{"line":26,"column":14},"end":{"line":26,"column":42},"skip":true},{"start":{"line":26,"column":46},"end":{"line":26,"column":56},"skip":true}]},"5":{"line":40,"type":"if","locations":[{"start":{"line":40,"column":4},"end":{"line":40,"column":4},"skip":true},{"start":{"line":40,"column":4},"end":{"line":40,"column":4},"skip":true}]},"6":{"line":42,"type":"if","locations":[{"start":{"line":42,"column":12},"end":{"line":42,"column":12},"skip":true},{"start":{"line":42,"column":12},"end":{"line":42,"column":12},"skip":true}]},"7":{"line":52,"type":"cond-expr","locations":[{"start":{"line":52,"column":73},"end":{"line":52,"column":77},"skip":true},{"start":{"line":52,"column":80},"end":{"line":52,"column":85},"skip":true}]},"8":{"line":52,"type":"binary-expr","locations":[{"start":{"line":52,"column":41},"end":{"line":52,"column":61},"skip":true},{"start":{"line":52,"column":65},"end":{"line":52,"column":70},"skip":true}]},"9":{"line":149,"type":"if","locations":[{"start":{"line":149,"column":8},"end":{"line":149,"column":8}},{"start":{"line":149,"column":8},"end":{"line":149,"column":8}}]},"10":{"line":150,"type":"if","locations":[{"start":{"line":150,"column":12},"end":{"line":150,"column":12}},{"start":{"line":150,"column":12},"end":{"line":150,"column":12}}]},"11":{"line":151,"type":"if","locations":[{"start":{"line":151,"column":16},"end":{"line":151,"column":16}},{"start":{"line":151,"column":16},"end":{"line":151,"column":16}}]}}}}