TN:
SF:dist\typeof.js
FN:17,(anonymous_1)
FN:33,(anonymous_2)
FN:41,(anonymous_3)
FN:50,(anonymous_4)
FN:51,(anonymous_5)
FN:148,(anonymous_6)
FNF:6
FNH:6
FNDA:1,(anonymous_1)
FNDA:1,(anonymous_2)
FNDA:0,(anonymous_3)
FNDA:0,(anonymous_4)
FNDA:0,(anonymous_5)
FNDA:40,(anonymous_6)
DA:17,1
DA:21,1
DA:22,1
DA:26,1
DA:27,1
DA:31,1
DA:40,1
DA:41,1
DA:42,1
DA:45,1
DA:48,1
DA:52,1
DA:56,1
DA:57,1
DA:58,1
DA:63,1
DA:148,1
DA:149,40
DA:150,17
DA:151,16
DA:152,1
DA:154,15
DA:156,1
DA:158,23
LF:24
LH:24
BRDA:21,1,0,0
BRDA:21,1,1,1
BRDA:21,2,0,1
BRDA:21,2,1,0
BRDA:26,3,0,0
BRDA:26,3,1,1
BRDA:26,4,0,1
BRDA:26,4,1,0
BRDA:40,5,0,0
BRDA:40,5,1,1
BRDA:42,6,0,0
BRDA:42,6,1,0
BRDA:52,7,0,0
BRDA:52,7,1,0
BRDA:52,8,0,0
BRDA:52,8,1,0
BRDA:149,9,0,17
BRDA:149,9,1,23
BRDA:150,10,0,16
BRDA:150,10,1,1
BRDA:151,11,0,1
BRDA:151,11,1,15
BRF:22
BRH:22
end_of_record
