{"dist\\typeof.js":{"path":"dist\\typeof.js","s":{"1":1,"2":1,"3":0,"4":1,"5":0,"6":1,"7":1,"8":29,"9":6,"10":5,"11":1,"12":4,"13":1,"14":23,"15":1},"b":{"1":[0,1],"2":[1,0],"3":[0,1],"4":[1,0],"5":[6,23],"6":[5,1],"7":[1,4]},"f":{"1":1,"2":1,"3":29},"fnMap":{"1":{"name":"(anonymous_1)","line":6,"loc":{"start":{"line":6,"column":1},"end":{"line":6,"column":25}}},"2":{"name":"(anonymous_2)","line":21,"loc":{"start":{"line":21,"column":8},"end":{"line":21,"column":19}}},"3":{"name":"typeOf","line":29,"loc":{"start":{"line":29,"column":4},"end":{"line":29,"column":27}}}},"statementMap":{"1":{"start":{"line":6,"column":0},"end":{"line":42,"column":4}},"2":{"start":{"line":9,"column":4},"end":{"line":20,"column":5},"skip":true},"3":{"start":{"line":10,"column":8},"end":{"line":10,"column":35},"skip":true},"4":{"start":{"line":14,"column":11},"end":{"line":20,"column":5},"skip":true},"5":{"start":{"line":15,"column":8},"end":{"line":15,"column":24},"skip":true},"6":{"start":{"line":19,"column":8},"end":{"line":19,"column":32},"skip":true},"7":{"start":{"line":29,"column":4},"end":{"line":40,"column":5}},"8":{"start":{"line":30,"column":8},"end":{"line":38,"column":9}},"9":{"start":{"line":31,"column":12},"end":{"line":36,"column":13}},"10":{"start":{"line":32,"column":16},"end":{"line":34,"column":17}},"11":{"start":{"line":33,"column":20},"end":{"line":33,"column":35}},"12":{"start":{"line":35,"column":16},"end":{"line":35,"column":32}},"13":{"start":{"line":37,"column":12},"end":{"line":37,"column":26}},"14":{"start":{"line":39,"column":8},"end":{"line":39,"column":28}},"15":{"start":{"line":41,"column":4},"end":{"line":41,"column":18}}},"branchMap":{"1":{"line":9,"type":"if","locations":[{"start":{"line":9,"column":4},"end":{"line":9,"column":4},"skip":true},{"start":{"line":9,"column":4},"end":{"line":9,"column":4},"skip":true}]},"2":{"line":9,"type":"binary-expr","locations":[{"start":{"line":9,"column":7},"end":{"line":9,"column":33},"skip":true},{"start":{"line":9,"column":37},"end":{"line":9,"column":51},"skip":true}]},"3":{"line":14,"type":"if","locations":[{"start":{"line":14,"column":11},"end":{"line":14,"column":11},"skip":true},{"start":{"line":14,"column":11},"end":{"line":14,"column":11},"skip":true}]},"4":{"line":14,"type":"binary-expr","locations":[{"start":{"line":14,"column":14},"end":{"line":14,"column":42},"skip":true},{"start":{"line":14,"column":46},"end":{"line":14,"column":56},"skip":true}]},"5":{"line":30,"type":"if","locations":[{"start":{"line":30,"column":8},"end":{"line":30,"column":8}},{"start":{"line":30,"column":8},"end":{"line":30,"column":8}}]},"6":{"line":31,"type":"if","locations":[{"start":{"line":31,"column":12},"end":{"line":31,"column":12}},{"start":{"line":31,"column":12},"end":{"line":31,"column":12}}]},"7":{"line":32,"type":"if","locations":[{"start":{"line":32,"column":16},"end":{"line":32,"column":16}},{"start":{"line":32,"column":16},"end":{"line":32,"column":16}}]}}}}