TN:
SF:dist\typeof.js
FN:6,(anonymous_1)
FN:22,(anonymous_2)
FN:31,typeOf
FNF:3
FNH:3
FNDA:1,(anonymous_1)
FNDA:1,(anonymous_2)
FNDA:29,typeOf
DA:6,1
DA:10,1
DA:11,1
DA:15,1
DA:16,1
DA:20,1
DA:31,1
DA:32,29
DA:33,6
DA:34,5
DA:35,1
DA:37,4
DA:39,1
DA:41,23
DA:43,1
LF:15
LH:15
BRDA:10,1,0,0
BRDA:10,1,1,1
BRDA:10,2,0,1
BRDA:10,2,1,0
BRDA:15,3,0,0
BRDA:15,3,1,1
BRDA:15,4,0,1
BRDA:15,4,1,0
BRDA:32,5,0,6
BRDA:32,5,1,23
BRDA:33,6,0,5
BRDA:33,6,1,1
BRDA:34,7,0,1
BRDA:34,7,1,4
BRF:14
BRH:14
end_of_record
